{"name": "test_orangehrm_data_driven[chromium-test_case1]", "status": "failed", "statusDetails": {"message": "AssertionError: assert False\n +  where False = is_visible()\n +    where is_visible = <Locator frame=<Frame name= url='https://opensource-demo.orangehrmlive.com/web/index.php/auth/login'> selector=\"p:has-text('Invalid credentials')\">.is_visible\n +      where <Locator frame=<Frame name= url='https://opensource-demo.orangehrmlive.com/web/index.php/auth/login'> selector=\"p:has-text('Invalid credentials')\"> = locator(\"p:has-text('Invalid credentials')\")\n +        where locator = <Page url='https://opensource-demo.orangehrmlive.com/web/index.php/auth/login'>.locator", "trace": "page = <Page url='https://opensource-demo.orangehrmlive.com/web/index.php/auth/login'>, test_case = {'action': 'login', 'expected': 'Invalid credentials', 'extra_data': None, 'module': 'login', ...}\n\n    @pytest.mark.parametrize(\"test_case\", test_data)\n    def test_orangehrm_data_driven(page, test_case):\n        login = LoginPage(page)\n        dashboard = DashboardPage(page)\n        pim = PIMPage(page)\n        leave = LeavePage(page)\n    \n        login.load()\n        login.login(test_case[\"username\"], test_case[\"password\"])\n    \n        action = test_case[\"action\"]\n        expected = test_case[\"expected\"]\n        extra = test_case[\"extra_data\"]\n        module = test_case[\"module\"]\n    \n        if action == \"login\":\n            if expected == \"Dashboard\":\n                assert dashboard.verify_login_successful()\n            else:\n>               assert page.locator(\"p:has-text('Invalid credentials')\").is_visible()\nE               assert False\nE                +  where False = is_visible()\nE                +    where is_visible = <Locator frame=<Frame name= url='https://opensource-demo.orangehrmlive.com/web/index.php/auth/login'> selector=\"p:has-text('Invalid credentials')\">.is_visible\nE                +      where <Locator frame=<Frame name= url='https://opensource-demo.orangehrmlive.com/web/index.php/auth/login'> selector=\"p:has-text('Invalid credentials')\"> = locator(\"p:has-text('Invalid credentials')\")\nE                +        where locator = <Page url='https://opensource-demo.orangehrmlive.com/web/index.php/auth/login'>.locator\n\ntests\\test_data_driven.py:33: AssertionError"}, "attachments": [{"name": "failure_screenshot", "source": "d7231d7c-a0f5-45e4-820d-ca034f22a91f-attachment.png", "type": "image/png"}, {"name": "log", "source": "2ee3d3cb-bbab-44b3-9721-de491c1cdb55-attachment.txt", "type": "text/plain"}, {"name": "stderr", "source": "bc13f1f3-6661-4ffc-8af2-caddfa10649f-attachment.txt", "type": "text/plain"}], "parameters": [{"name": "browser_name", "value": "'chromium'"}, {"name": "test_case", "value": "{'testcase': 'invalid_login', 'username': 'wrong', 'password': 'wrong123', 'module': 'login', 'action': 'login', 'expected': 'Invalid credentials', 'extra_data': None}"}], "start": 1750157082085, "stop": 1750157086755, "uuid": "7a816849-46d9-4fe1-aea4-dab8bb4797c9", "historyId": "34d7d5d54206abab1ecc9bc4dae48726", "testCaseId": "e4d5c2159c82bb6ea1e2f42d8743a1e7", "fullName": "tests.test_data_driven#test_orangehrm_data_driven", "labels": [{"name": "parentSuite", "value": "tests"}, {"name": "suite", "value": "test_data_driven"}, {"name": "host", "value": "SIDDHESH-MINIPC"}, {"name": "thread", "value": "13800-MainThread"}, {"name": "framework", "value": "pytest"}, {"name": "language", "value": "cpython3"}, {"name": "package", "value": "tests.test_data_driven"}]}