{"name": "test_orangehrm_data_driven[chromium-test_case1]", "status": "failed", "statusDetails": {"message": "AssertionError: assert False\n +  where False = is_visible()\n +    where is_visible = <Locator frame=<Frame name= url='https://opensource-demo.orangehrmlive.com/web/index.php/auth/login'> selector=\"p:has-text('Invalid credentials')\">.is_visible\n +      where <Locator frame=<Frame name= url='https://opensource-demo.orangehrmlive.com/web/index.php/auth/login'> selector=\"p:has-text('Invalid credentials')\"> = locator(\"p:has-text('Invalid credentials')\")\n +        where locator = <Page url='https://opensource-demo.orangehrmlive.com/web/index.php/auth/login'>.locator", "trace": "page = <Page url='https://opensource-demo.orangehrmlive.com/web/index.php/auth/login'>, test_case = {'action': 'login', 'expected': 'Invalid credentials', 'extra_data': None, 'module': 'login', ...}\n\n    @pytest.mark.parametrize(\"test_case\", test_data)\n    def test_orangehrm_data_driven(page, test_case):\n        login = LoginPage(page)\n        dashboard = DashboardPage(page)\n        pim = PIMPage(page)\n        leave = LeavePage(page)\n    \n        login.load()\n        login.login(test_case[\"username\"], test_case[\"password\"])\n    \n        action = test_case[\"action\"]\n        expected = test_case[\"expected\"]\n        extra = test_case[\"extra_data\"]\n        module = test_case[\"module\"]\n    \n        if action == \"login\":\n            if expected == \"Dashboard\":\n                assert dashboard.verify_login_successful()\n            else:\n>               assert page.locator(\"p:has-text('Invalid credentials')\").is_visible()\nE               assert False\nE                +  where False = is_visible()\nE                +    where is_visible = <Locator frame=<Frame name= url='https://opensource-demo.orangehrmlive.com/web/index.php/auth/login'> selector=\"p:has-text('Invalid credentials')\">.is_visible\nE                +      where <Locator frame=<Frame name= url='https://opensource-demo.orangehrmlive.com/web/index.php/auth/login'> selector=\"p:has-text('Invalid credentials')\"> = locator(\"p:has-text('Invalid credentials')\")\nE                +        where locator = <Page url='https://opensource-demo.orangehrmlive.com/web/index.php/auth/login'>.locator\n\ntests\\test_data_driven.py:33: AssertionError"}, "attachments": [{"name": "failure_screenshot", "source": "3db84a43-99ad-442b-bc57-683eae04c302-attachment.png", "type": "image/png"}, {"name": "log", "source": "aaea9a99-f07d-42f7-b0b2-ae66ed6312aa-attachment.txt", "type": "text/plain"}, {"name": "stderr", "source": "d051651e-7e3a-49e3-817d-309289958e96-attachment.txt", "type": "text/plain"}], "parameters": [{"name": "browser_name", "value": "'chromium'"}, {"name": "test_case", "value": "{'testcase': 'invalid_login', 'username': 'wrong', 'password': 'wrong123', 'module': 'login', 'action': 'login', 'expected': 'Invalid credentials', 'extra_data': None}"}], "start": 1750154091221, "stop": 1750154096880, "uuid": "935d976b-8cbf-4472-abe4-cf9b5ef611ee", "historyId": "34d7d5d54206abab1ecc9bc4dae48726", "testCaseId": "e4d5c2159c82bb6ea1e2f42d8743a1e7", "fullName": "tests.test_data_driven#test_orangehrm_data_driven", "labels": [{"name": "parentSuite", "value": "tests"}, {"name": "suite", "value": "test_data_driven"}, {"name": "host", "value": "SIDDHESH-MINIPC"}, {"name": "thread", "value": "11524-MainThread"}, {"name": "framework", "value": "pytest"}, {"name": "language", "value": "cpython3"}, {"name": "package", "value": "tests.test_data_driven"}]}